<?xml version="1.0" encoding="UTF-8"?>
<!-- Generated by org.testng.reporters.JUnitXMLReporter -->
<testsuite ignored="0" hostname="ArunMotoori" failures="0" tests="3" name="Default test" time="0.069" errors="0" timestamp="2025-04-11T15:33:22 IST">
  <testcase classname="tests.SampleTest" name="verifyLogin" time="0.005"/>
  <testcase classname="tests.SampleTest" name="verifyLogin" time="0.002"/>
  <testcase classname="tests.SampleTest" name="verifyLogin" time="0.004"/>
</testsuite> <!-- Default test -->
