<?xml version="1.0" encoding="UTF-8"?>
<testng-results ignored="0" total="3" passed="3" failed="0" skipped="0">
  <reporter-output>
  </reporter-output>
  <suite started-at="2025-04-11T15:33:22 IST" name="Default suite" finished-at="2025-04-11T15:33:22 IST" duration-ms="69">
    <groups>
    </groups>
    <test started-at="2025-04-11T15:33:22 IST" name="Default test" finished-at="2025-04-11T15:33:22 IST" duration-ms="69">
      <class name="tests.SampleTest">
        <test-method signature="verifyLogin(java.lang.String,java.lang.String)[pri:0, instance:tests.SampleTest@3270d194]" started-at="2025-04-11T15:33:22 IST" name="verifyLogin" data-provider="loginDataSupplier" finished-at="2025-04-11T15:33:22 IST" duration-ms="5" status="PASS">
          <params>
            <param index="0">
              <value>
                <![CDATA[a@b.com]]>
              </value>
            </param>
            <param index="1">
              <value>
                <![CDATA[123]]>
              </value>
            </param>
          </params>
          <reporter-output>
          </reporter-output>
        </test-method> <!-- verifyLogin -->
        <test-method signature="verifyLogin(java.lang.String,java.lang.String)[pri:0, instance:tests.SampleTest@3270d194]" started-at="2025-04-11T15:33:22 IST" name="verifyLogin" data-provider="loginDataSupplier" finished-at="2025-04-11T15:33:22 IST" duration-ms="2" status="PASS">
          <params>
            <param index="0">
              <value>
                <![CDATA[c@d.com]]>
              </value>
            </param>
            <param index="1">
              <value>
                <![CDATA[456]]>
              </value>
            </param>
          </params>
          <reporter-output>
          </reporter-output>
        </test-method> <!-- verifyLogin -->
        <test-method signature="verifyLogin(java.lang.String,java.lang.String)[pri:0, instance:tests.SampleTest@3270d194]" started-at="2025-04-11T15:33:22 IST" name="verifyLogin" data-provider="loginDataSupplier" finished-at="2025-04-11T15:33:22 IST" duration-ms="4" status="PASS">
          <params>
            <param index="0">
              <value>
                <![CDATA[e@f.com]]>
              </value>
            </param>
            <param index="1">
              <value>
                <![CDATA[789]]>
              </value>
            </param>
          </params>
          <reporter-output>
          </reporter-output>
        </test-method> <!-- verifyLogin -->
      </class> <!-- tests.SampleTest -->
    </test> <!-- Default test -->
  </suite> <!-- Default suite -->
</testng-results>
